..\windows\system32\drivers\etc\hosts
%2e%2e%5cwindows%5csystem32%5cdrivers%5cetc%5chosts
%252e%252e%255cwindows%255csystem32%255cdrivers%255cetc%255chosts
%2e%2e%c1%9cwindows%c1%9csystem32%c1%9cdrivers%c1%9cetc%c1%9chosts
%252e%252e%25c1%259cwindows%25c1%259csystem32%25c1%259cdrivers%25c1%259cetc%25c1%259chosts
..\..\windows\system32\drivers\etc\hosts
%2e%2e%5c%2e%2e%5cwindows%5csystem32%5cdrivers%5cetc%5chosts
%252e%252e%255c%252e%252e%255cwindows%255csystem32%255cdrivers%255cetc%255chosts
%2e%2e%c1%9c%2e%2e%c1%9cwindows%c1%9csystem32%c1%9cdrivers%c1%9cetc%c1%9chosts
%252e%252e%25c1%259c%252e%252e%25c1%259cwindows%25c1%259csystem32%25c1%259cdrivers%25c1%259cetc%25c1%259chosts
..\..\..\windows\system32\drivers\etc\hosts
%2e%2e%5c%2e%2e%5c%2e%2e%5cwindows%5csystem32%5cdrivers%5cetc%5chosts
%252e%252e%255c%252e%252e%255c%252e%252e%255cwindows%255csystem32%255cdrivers%255cetc%255chosts
%2e%2e%c1%9c%2e%2e%c1%9c%2e%2e%c1%9cwindows%c1%9csystem32%c1%9cdrivers%c1%9cetc%c1%9chosts
%252e%252e%25c1%259c%252e%252e%25c1%259c%252e%252e%25c1%259cwindows%25c1%259csystem32%25c1%259cdrivers%25c1%259cetc%25c1%259chosts
..\..\..\..\windows\system32\drivers\etc\hosts
%2e%2e%5c%2e%2e%5c%2e%2e%5c%2e%2e%5cwindows%5csystem32%5cdrivers%5cetc%5chosts
%252e%252e%255c%252e%252e%255c%252e%252e%255c%252e%252e%255cwindows%255csystem32%255cdrivers%255cetc%255chosts
%2e%2e%c1%9c%2e%2e%c1%9c%2e%2e%c1%9c%2e%2e%c1%9cwindows%c1%9csystem32%c1%9cdrivers%c1%9cetc%c1%9chosts
%252e%252e%25c1%259c%252e%252e%25c1%259c%252e%252e%25c1%259c%252e%252e%25c1%259cwindows%25c1%259csystem32%25c1%259cdrivers%25c1%259cetc%25c1%259chosts
..\..\..\..\..\windows\system32\drivers\etc\hosts
%2e%2e%5c%2e%2e%5c%2e%2e%5c%2e%2e%5c%2e%2e%5cwindows%5csystem32%5cdrivers%5cetc%5chosts
%252e%252e%255c%252e%252e%255c%252e%252e%255c%252e%252e%255c%252e%252e%255cwindows%255csystem32%255cdrivers%255cetc%255chosts
%2e%2e%c1%9c%2e%2e%c1%9c%2e%2e%c1%9c%2e%2e%c1%9c%2e%2e%c1%9cwindows%c1%9csystem32%c1%9cdrivers%c1%9cetc%c1%9chosts
%252e%252e%25c1%259c%252e%252e%25c1%259c%252e%252e%25c1%259c%252e%252e%25c1%259c%252e%252e%25c1%259cwindows%25c1%259csystem32%25c1%259cdrivers%25c1%259cetc%25c1%259chosts
..\..\..\..\..\..\windows\system32\drivers\etc\hosts
%2e%2e%5c%2e%2e%5c%2e%2e%5c%2e%2e%5c%2e%2e%5c%2e%2e%5cwindows%5csystem32%5cdrivers%5cetc%5chosts
%252e%252e%255c%252e%252e%255c%252e%252e%255c%252e%252e%255c%252e%252e%255c%252e%252e%255cwindows%255csystem32%255cdrivers%255cetc%255chosts
%2e%2e%c1%9c%2e%2e%c1%9c%2e%2e%c1%9c%2e%2e%c1%9c%2e%2e%c1%9c%2e%2e%c1%9cwindows%c1%9csystem32%c1%9cdrivers%c1%9cetc%c1%9chosts
%252e%252e%25c1%259c%252e%252e%25c1%259c%252e%252e%25c1%259c%252e%252e%25c1%259c%252e%252e%25c1%259c%252e%252e%25c1%259cwindows%25c1%259csystem32%25c1%259cdrivers%25c1%259cetc%25c1%259chosts
..\..\..\..\..\..\..\windows\system32\drivers\etc\hosts
%2e%2e%5c%2e%2e%5c%2e%2e%5c%2e%2e%5c%2e%2e%5c%2e%2e%5c%2e%2e%5cwindows%5csystem32%5cdrivers%5cetc%5chosts
%252e%252e%255c%252e%252e%255c%252e%252e%255c%252e%252e%255c%252e%252e%255c%252e%252e%255c%252e%252e%255cwindows%255csystem32%255cdrivers%255cetc%255chosts
%2e%2e%c1%9c%2e%2e%c1%9c%2e%2e%c1%9c%2e%2e%c1%9c%2e%2e%c1%9c%2e%2e%c1%9c%2e%2e%c1%9cwindows%c1%9csystem32%c1%9cdrivers%c1%9cetc%c1%9chosts
%252e%252e%25c1%259c%252e%252e%25c1%259c%252e%252e%25c1%259c%252e%252e%25c1%259c%252e%252e%25c1%259c%252e%252e%25c1%259c%252e%252e%25c1%259cwindows%25c1%259csystem32%25c1%259cdrivers%25c1%259cetc%25c1%259chosts
..\..\..\..\..\..\..\..\windows\system32\drivers\etc\hosts
%2e%2e%5c%2e%2e%5c%2e%2e%5c%2e%2e%5c%2e%2e%5c%2e%2e%5c%2e%2e%5c%2e%2e%5cwindows%5csystem32%5cdrivers%5cetc%5chosts
%252e%252e%255c%252e%252e%255c%252e%252e%255c%252e%252e%255c%252e%252e%255c%252e%252e%255c%252e%252e%255c%252e%252e%255cwindows%255csystem32%255cdrivers%255cetc%255chosts
%2e%2e%c1%9c%2e%2e%c1%9c%2e%2e%c1%9c%2e%2e%c1%9c%2e%2e%c1%9c%2e%2e%c1%9c%2e%2e%c1%9c%2e%2e%c1%9cwindows%c1%9csystem32%c1%9cdrivers%c1%9cetc%c1%9chosts
%252e%252e%25c1%259c%252e%252e%25c1%259c%252e%252e%25c1%259c%252e%252e%25c1%259c%252e%252e%25c1%259c%252e%252e%25c1%259c%252e%252e%25c1%259c%252e%252e%25c1%259cwindows%25c1%259csystem32%25c1%259cdrivers%25c1%259cetc%25c1%259chosts
..\..\..\..\..\..\..\..\..\windows\system32\drivers\etc\hosts
%2e%2e%5c%2e%2e%5c%2e%2e%5c%2e%2e%5c%2e%2e%5c%2e%2e%5c%2e%2e%5c%2e%2e%5c%2e%2e%5cwindows%5csystem32%5cdrivers%5cetc%5chosts
%252e%252e%255c%252e%252e%255c%252e%252e%255c%252e%252e%255c%252e%252e%255c%252e%252e%255c%252e%252e%255c%252e%252e%255c%252e%252e%255cwindows%255csystem32%255cdrivers%255cetc%255chosts
%2e%2e%c1%9c%2e%2e%c1%9c%2e%2e%c1%9c%2e%2e%c1%9c%2e%2e%c1%9c%2e%2e%c1%9c%2e%2e%c1%9c%2e%2e%c1%9c%2e%2e%c1%9cwindows%c1%9csystem32%c1%9cdrivers%c1%9cetc%c1%9chosts
%252e%252e%25c1%259c%252e%252e%25c1%259c%252e%252e%25c1%259c%252e%252e%25c1%259c%252e%252e%25c1%259c%252e%252e%25c1%259c%252e%252e%25c1%259c%252e%252e%25c1%259c%252e%252e%25c1%259cwindows%25c1%259csystem32%25c1%259cdrivers%25c1%259cetc%25c1%259chosts
